<?xml version="1.0" encoding="UTF-8"?>
<!-- Generated by org.testng.reporters.JUnitReportReporter -->
<testsuite skipped="0" hostname="HYD-LAP-00596" name="com.rest.assure.getsample.FindGetResponse" tests="1" failures="0" timestamp="21 Jan 2020 12:16:10 GMT" time="3.208" errors="0">
  <testcase name="getResponse" time="3.208" classname="com.rest.assure.getsample.FindGetResponse"/>
</testsuite> <!-- com.rest.assure.getsample.FindGetResponse -->
